0 info it worked if it ends with ok
1 verbose cli [ '/Users/davesag/.nvm/versions/node/v5.1.0/bin/node',
1 verbose cli   '/Users/davesag/.nvm/versions/node/v5.1.0/bin/npm',
1 verbose cli   'run',
1 verbose cli   'coveralls' ]
2 info using npm@3.5.0
3 info using node@v5.1.0
4 verbose run-script [ 'precoveralls', 'coveralls', 'postcoveralls' ]
5 info lifecycle gulp-folder-index@0.0.1~precoveralls: gulp-folder-index@0.0.1
6 silly lifecycle gulp-folder-index@0.0.1~precoveralls: no script for precoveralls, continuing
7 info lifecycle gulp-folder-index@0.0.1~coveralls: gulp-folder-index@0.0.1
8 verbose lifecycle gulp-folder-index@0.0.1~coveralls: unsafe-perm in lifecycle true
9 verbose lifecycle gulp-folder-index@0.0.1~coveralls: PATH: /Users/davesag/.nvm/versions/node/v5.1.0/lib/node_modules/npm/bin/node-gyp-bin:/Users/davesag/src/personal/gulp-folder-index/node_modules/.bin:/Users/davesag/.nvm/versions/node/v5.1.0/bin:/Users/davesag/.rvm/gems/ruby-2.2.3/bin:/Users/davesag/.rvm/gems/ruby-2.2.3@global/bin:/Users/davesag/.rvm/rubies/ruby-2.2.3/bin:/usr/local/bin:/usr/local/heroku/bin:/usr/local/bin:/usr/bin:/bin:/usr/sbin:/sbin:/usr/local/MacGPG2/bin:/Users/davesag/.rvm/bin:/usr/local/opt/go/libexec/bin
10 verbose lifecycle gulp-folder-index@0.0.1~coveralls: CWD: /Users/davesag/src/personal/gulp-folder-index
11 silly lifecycle gulp-folder-index@0.0.1~coveralls: Args: [ '-c',
11 silly lifecycle   'istanbul cover ./node_modules/mocha/bin/_mocha --report lcovonly -- -R spec && cat ./coverage/lcov.info | ./node_modules/coveralls/bin/coveralls.js && rm -rf ./coverage' ]
12 silly lifecycle gulp-folder-index@0.0.1~coveralls: Returned: code: 1  signal: null
13 info lifecycle gulp-folder-index@0.0.1~coveralls: Failed to exec coveralls script
14 verbose stack Error: gulp-folder-index@0.0.1 coveralls: `istanbul cover ./node_modules/mocha/bin/_mocha --report lcovonly -- -R spec && cat ./coverage/lcov.info | ./node_modules/coveralls/bin/coveralls.js && rm -rf ./coverage`
14 verbose stack Exit status 1
14 verbose stack     at EventEmitter.<anonymous> (/Users/davesag/.nvm/versions/node/v5.1.0/lib/node_modules/npm/lib/utils/lifecycle.js:232:16)
14 verbose stack     at emitTwo (events.js:87:13)
14 verbose stack     at EventEmitter.emit (events.js:172:7)
14 verbose stack     at ChildProcess.<anonymous> (/Users/davesag/.nvm/versions/node/v5.1.0/lib/node_modules/npm/lib/utils/spawn.js:24:14)
14 verbose stack     at emitTwo (events.js:87:13)
14 verbose stack     at ChildProcess.emit (events.js:172:7)
14 verbose stack     at maybeClose (internal/child_process.js:818:16)
14 verbose stack     at Process.ChildProcess._handle.onexit (internal/child_process.js:211:5)
15 verbose pkgid gulp-folder-index@0.0.1
16 verbose cwd /Users/davesag/src/personal/gulp-folder-index
17 error Darwin 15.0.0
18 error argv "/Users/davesag/.nvm/versions/node/v5.1.0/bin/node" "/Users/davesag/.nvm/versions/node/v5.1.0/bin/npm" "run" "coveralls"
19 error node v5.1.0
20 error npm  v3.5.0
21 error code ELIFECYCLE
22 error gulp-folder-index@0.0.1 coveralls: `istanbul cover ./node_modules/mocha/bin/_mocha --report lcovonly -- -R spec && cat ./coverage/lcov.info | ./node_modules/coveralls/bin/coveralls.js && rm -rf ./coverage`
22 error Exit status 1
23 error Failed at the gulp-folder-index@0.0.1 coveralls script 'istanbul cover ./node_modules/mocha/bin/_mocha --report lcovonly -- -R spec && cat ./coverage/lcov.info | ./node_modules/coveralls/bin/coveralls.js && rm -rf ./coverage'.
23 error Make sure you have the latest version of node.js and npm installed.
23 error If you do, this is most likely a problem with the gulp-folder-index package,
23 error not with npm itself.
23 error Tell the author that this fails on your system:
23 error     istanbul cover ./node_modules/mocha/bin/_mocha --report lcovonly -- -R spec && cat ./coverage/lcov.info | ./node_modules/coveralls/bin/coveralls.js && rm -rf ./coverage
23 error You can get their info via:
23 error     npm owner ls gulp-folder-index
23 error There is likely additional logging output above.
24 verbose exit [ 1, true ]
